[+] Containers:
 |- [+] Container: /Game/MyStuff/Maps/TitleScreen/TitleScreen
 |   |- [+] ActorDescs:
 |   |   |- Guid:01ED16EB457B7A0ABBBDCD8CB7EE3C11 BaseClass: NativeClass:/Script/Engine.StaticMeshActor Name:StaticMeshActor_UAID_A4AE111137DC5EFB00_1110535423 Label:SM_SkySphere SpatiallyLoaded:0 Bounds:IsValid=true, Min=(X=-1638400.000 Y=-1638400.000 Z=-1638400.000), Max=(X=1638400.000 Y=1638400.000 Z=1638400.000) RuntimeGrid:None EditorOnly:0 RuntimeOnly:0 HLODRelevant:1 ListedInSceneOutliner:1 IsMainWorldOnly:0 FolderPath:Lighting FolderGuid:963EC3EB4002CCE9759E2EBA541A873A
 |   |   |- Guid:034C696240D57EDEE7950ABB670EA8D9 BaseClass: NativeClass:/Script/Engine.StaticMeshActor Name:StaticMeshActor_UAID_74563CB3103A74DA01_1804166783 Label:SM_Chair SpatiallyLoaded:1 Bounds:IsValid=true, Min=(X=946.751 Y=1488.235 Z=0.063), Max=(X=1051.622 Y=1592.357 Z=115.413) RuntimeGrid:None EditorOnly:0 RuntimeOnly:0 HLODRelevant:1 ListedInSceneOutliner:1 IsMainWorldOnly:0 FolderPath:MyFolder FolderGuid:6BB5CC014EBEC15956F6F9BD86283D2E
 |   |   |- Guid:152A5A754206EE5428EA9CB816DE99A9 BaseClass: NativeClass:/Script/Engine.PostProcessVolume Name:PostProcessVolume_0 Label:PostProcessVolume SpatiallyLoaded:0 Bounds:IsValid=true, Min=(X=0.000 Y=0.000 Z=400.000), Max=(X=200.000 Y=200.000 Z=600.000) RuntimeGrid:None EditorOnly:0 RuntimeOnly:0 HLODRelevant:0 ListedInSceneOutliner:1 IsMainWorldOnly:0 FolderPath:Lighting FolderGuid:963EC3EB4002CCE9759E2EBA541A873A
 |   |   |- Guid:189C8E7E4D557CEC385D02A5432CF4EF BaseClass: NativeClass:/Script/Engine.StaticMeshActor Name:StaticMeshActor_4 Label:SM_Cube6 SpatiallyLoaded:1 Bounds:IsValid=true, Min=(X=2900.000 Y=100.000 Z=0.000), Max=(X=3000.000 Y=3400.000 Z=400.000) RuntimeGrid:None EditorOnly:0 RuntimeOnly:0 HLODRelevant:1 ListedInSceneOutliner:1 IsMainWorldOnly:0 FolderPath:Playground FolderGuid:C73F09FC4215536B1DCE2A9E0A830C70
 |   |   |- Guid:1B2F5E2447900F241774469901DD8618 BaseClass: NativeClass:/Script/Engine.StaticMeshActor Name:StaticMeshActor_18 Label:SM_QuarterCylinder SpatiallyLoaded:1 Bounds:IsValid=true, Min=(X=2500.000 Y=2800.000 Z=0.000), Max=(X=2600.000 Y=2900.000 Z=200.000) RuntimeGrid:None EditorOnly:0 RuntimeOnly:0 HLODRelevant:1 ListedInSceneOutliner:1 IsMainWorldOnly:0 FolderPath:Block02 FolderGuid:EBA23F8248252949750E43911A3A1CDD
 |   |   |- Guid:1D969BBB4BA9B5A5A8F5B99D5F954D1E BaseClass: NativeClass:/Script/Engine.StaticMeshActor Name:StaticMeshActor_16 Label:SM_Cube11 SpatiallyLoaded:1 Bounds:IsValid=true, Min=(X=400.000 Y=2600.000 Z=0.000), Max=(X=700.000 Y=2900.000 Z=200.000) RuntimeGrid:None EditorOnly:0 RuntimeOnly:0 HLODRelevant:1 ListedInSceneOutliner:1 IsMainWorldOnly:0 FolderPath:Block03 FolderGuid:7B7009C345D3D6DD94D3429E1D79C034
 |   |   |- Guid:2BB3E88E4E016CC5ECEDD6B0C23CD960 BaseClass: NativeClass:/Script/Engine.StaticMeshActor Name:StaticMeshActor_8 Label:SM_Cube4 SpatiallyLoaded:1 Bounds:IsValid=true, Min=(X=1200.000 Y=1700.000 Z=0.000), Max=(X=1800.000 Y=2200.000 Z=200.000) RuntimeGrid:None EditorOnly:0 RuntimeOnly:0 HLODRelevant:1 ListedInSceneOutliner:1 IsMainWorldOnly:0 FolderPath:Block01 FolderGuid:7D23E5AE4C2A421F86AF6986D87E6D05
 |   |   |- Guid:30765F2D456AF35347EF608B39C9B723 BaseClass: NativeClass:/Script/Engine.StaticMeshActor Name:StaticMeshActor_1 Label:SM_Cube SpatiallyLoaded:1 Bounds:IsValid=true, Min=(X=0.000 Y=0.000 Z=-50.000), Max=(X=3000.000 Y=3500.000 Z=0.000) RuntimeGrid:None EditorOnly:0 RuntimeOnly:0 HLODRelevant:1 ListedInSceneOutliner:1 IsMainWorldOnly:0 FolderPath:Playground FolderGuid:C73F09FC4215536B1DCE2A9E0A830C70
 |   |   |- Guid:3223D0284C22F6BE763E27A8023C2157 BaseClass: NativeClass:/Script/Engine.VolumetricCloud Name:VolumetricCloud_0 Label:VolumetricCloud SpatiallyLoaded:0 Bounds:IsValid=true, Min=(X=0.000 Y=0.000 Z=820.000), Max=(X=0.000 Y=0.000 Z=820.000) RuntimeGrid:None EditorOnly:0 RuntimeOnly:0 HLODRelevant:0 ListedInSceneOutliner:1 IsMainWorldOnly:0 FolderPath:Lighting FolderGuid:963EC3EB4002CCE9759E2EBA541A873A
 |   |   |- Guid:359442F84A7762295E20558DB69C62EA BaseClass: NativeClass:/Script/Engine.StaticMeshActor Name:StaticMeshActor_10 Label:SM_ChamferCube2 SpatiallyLoaded:1 Bounds:IsValid=true, Min=(X=992.077 Y=2692.077 Z=0.013), Max=(X=1107.923 Y=2807.923 Z=100.013) RuntimeGrid:None EditorOnly:0 RuntimeOnly:0 HLODRelevant:0 ListedInSceneOutliner:1 IsMainWorldOnly:0
 |   |   |- Guid:3C2539444125CD12C97603B633221F98 BaseClass: NativeClass:/Script/Engine.StaticMeshActor Name:StaticMeshActor_14 Label:SM_Ramp3 SpatiallyLoaded:1 Bounds:IsValid=true, Min=(X=1800.000 Y=1700.000 Z=100.000), Max=(X=2000.000 Y=2100.000 Z=200.000) RuntimeGrid:None EditorOnly:0 RuntimeOnly:0 HLODRelevant:1 ListedInSceneOutliner:1 IsMainWorldOnly:0 FolderPath:Block01 FolderGuid:7D23E5AE4C2A421F86AF6986D87E6D05
 |   |   |- Guid:3EFD952A4877CFF5F5E562B94125E3F0 BaseClass: NativeClass:/Script/Engine.StaticMeshActor Name:StaticMeshActor_13 Label:SM_Cube9 SpatiallyLoaded:1 Bounds:IsValid=true, Min=(X=1800.000 Y=1500.000 Z=0.000), Max=(X=2000.000 Y=2200.000 Z=100.000) RuntimeGrid:None EditorOnly:0 RuntimeOnly:0 HLODRelevant:1 ListedInSceneOutliner:1 IsMainWorldOnly:0 FolderPath:Block01 FolderGuid:7D23E5AE4C2A421F86AF6986D87E6D05
 |   |   |- Guid:430B4EA84741ED294A31868682493C0D BaseClass: NativeClass:/Script/Engine.StaticMeshActor Name:StaticMeshActor_20 Label:SM_Cube12 SpatiallyLoaded:1 Bounds:IsValid=true, Min=(X=2500.000 Y=2700.000 Z=0.000), Max=(X=2600.000 Y=2800.000 Z=200.000) RuntimeGrid:None EditorOnly:0 RuntimeOnly:0 HLODRelevant:1 ListedInSceneOutliner:1 IsMainWorldOnly:0 FolderPath:Block02 FolderGuid:EBA23F8248252949750E43911A3A1CDD
 |   |   |- Guid:5535EC7E4A78BC4CD942FCA64DFDED25 BaseClass: NativeClass:/Script/Engine.WorldDataLayers Name:WorldDataLayers Label:WorldDataLayers SpatiallyLoaded:0 Bounds:Invalid RuntimeGrid:None EditorOnly:0 RuntimeOnly:0 HLODRelevant:0 ListedInSceneOutliner:1 IsMainWorldOnly:1
 |   |   |- Guid:6297959744A0AB95BD72D5BD7DCAFBFE BaseClass: NativeClass:/Script/Engine.SkyAtmosphere Name:SkyAtmosphere_0 Label:SkyAtmosphere SpatiallyLoaded:0 Bounds:IsValid=true, Min=(X=0.000 Y=0.000 Z=1020.000), Max=(X=0.000 Y=0.000 Z=1020.000) RuntimeGrid:None EditorOnly:0 RuntimeOnly:0 HLODRelevant:0 ListedInSceneOutliner:1 IsMainWorldOnly:0 FolderPath:Lighting FolderGuid:963EC3EB4002CCE9759E2EBA541A873A
 |   |   |- Guid:6B7CCA9B430D694EB20DBDB32B4252D7 BaseClass: NativeClass:/Script/Engine.StaticMeshActor Name:StaticMeshActor_12 Label:SM_Cube8 SpatiallyLoaded:1 Bounds:IsValid=true, Min=(X=1300.000 Y=2600.000 Z=0.000), Max=(X=2500.000 Y=2900.000 Z=200.000) RuntimeGrid:None EditorOnly:0 RuntimeOnly:0 HLODRelevant:1 ListedInSceneOutliner:1 IsMainWorldOnly:0 FolderPath:Block02 FolderGuid:EBA23F8248252949750E43911A3A1CDD
 |   |   |- Guid:72C4745046D2DDA9631BC5A384237F5A BaseClass: NativeClass:/Script/Engine.StaticMeshActor Name:StaticMeshActor_6 Label:SM_Cube3 SpatiallyLoaded:1 Bounds:IsValid=true, Min=(X=0.000 Y=3400.000 Z=0.000), Max=(X=3000.000 Y=3500.000 Z=400.000) RuntimeGrid:None EditorOnly:0 RuntimeOnly:0 HLODRelevant:1 ListedInSceneOutliner:1 IsMainWorldOnly:0 FolderPath:Playground FolderGuid:C73F09FC4215536B1DCE2A9E0A830C70
 |   |   |- Guid:72CD24484ABCFAC0637033B1FA233D5B BaseClass: NativeClass:/Script/Engine.DirectionalLight Name:DirectionalLight_0 Label:DirectionalLight SpatiallyLoaded:0 Bounds:IsValid=true, Min=(X=-4398046511104.000 Y=-4398046511104.000 Z=-4398046511104.000), Max=(X=4398046511104.000 Y=4398046511104.000 Z=4398046511104.000) RuntimeGrid:None EditorOnly:0 RuntimeOnly:0 HLODRelevant:0 ListedInSceneOutliner:1 IsMainWorldOnly:0 FolderPath:Lighting FolderGuid:963EC3EB4002CCE9759E2EBA541A873A
 |   |   |- Guid:7A7D88674690820A76F9BCBDB172EA9A BaseClass: NativeClass:/Script/Engine.StaticMeshActor Name:StaticMeshActor_15 Label:SM_Cube10 SpatiallyLoaded:1 Bounds:IsValid=true, Min=(X=1800.000 Y=2100.000 Z=100.000), Max=(X=2000.000 Y=2200.000 Z=200.000) RuntimeGrid:None EditorOnly:0 RuntimeOnly:0 HLODRelevant:1 ListedInSceneOutliner:1 IsMainWorldOnly:0 FolderPath:Block01 FolderGuid:7D23E5AE4C2A421F86AF6986D87E6D05
 |   |   |- Guid:7C992C544B40329FE81B0EA39A5AD5F6 BaseClass: NativeClass:/Script/Engine.StaticMeshActor Name:StaticMeshActor_24 Label:SM_Cube13 SpatiallyLoaded:1 Bounds:IsValid=true, Min=(X=300.000 Y=2700.000 Z=0.000), Max=(X=400.000 Y=2800.000 Z=200.000) RuntimeGrid:None EditorOnly:0 RuntimeOnly:0 HLODRelevant:1 ListedInSceneOutliner:1 IsMainWorldOnly:0 FolderPath:Block03 FolderGuid:7B7009C345D3D6DD94D3429E1D79C034
 |   |   |- Guid:7DD6F79046A2213312470890F3A7875C BaseClass: NativeClass:/Script/Engine.ExponentialHeightFog Name:ExponentialHeightFog_0 Label:ExponentialHeightFog SpatiallyLoaded:0 Bounds:IsValid=true, Min=(X=-5600.000 Y=-50.000 Z=-6850.000), Max=(X=-5600.000 Y=-50.000 Z=-6850.000) RuntimeGrid:None EditorOnly:0 RuntimeOnly:0 HLODRelevant:0 ListedInSceneOutliner:1 IsMainWorldOnly:0 FolderPath:Lighting FolderGuid:963EC3EB4002CCE9759E2EBA541A873A
 |   |   |- Guid:80AD3FAC4ACDC1252EAAE8908617FD46 BaseClass: NativeClass:/Script/Engine.StaticMeshActor Name:StaticMeshActor_25 Label:SM_QuarterCylinder6 SpatiallyLoaded:1 Bounds:IsValid=true, Min=(X=1200.000 Y=2200.000 Z=0.000), Max=(X=1300.000 Y=2300.000 Z=200.000) RuntimeGrid:None EditorOnly:0 RuntimeOnly:0 HLODRelevant:1 ListedInSceneOutliner:1 IsMainWorldOnly:0 FolderPath:Block01 FolderGuid:7D23E5AE4C2A421F86AF6986D87E6D05
 |   |   |- Guid:80D3405C4D0FCAFF08AEBDAD07AB8E70 BaseClass: NativeClass:/Script/Engine.StaticMeshActor Name:StaticMeshActor_33 Label:SM_QuarterCylinder12 SpatiallyLoaded:1 Bounds:IsValid=true, Min=(X=2000.000 Y=700.000 Z=0.000), Max=(X=2200.000 Y=900.000 Z=100.000) RuntimeGrid:None EditorOnly:0 RuntimeOnly:0 HLODRelevant:1 ListedInSceneOutliner:1 IsMainWorldOnly:0 FolderPath:Cylinder FolderGuid:D075E5BA49330D3EC2503D81A7CF88D1
 |   |   |- Guid:855E91E14D3C6A63ECFCC8A7D6420FC1 BaseClass: NativeClass:/Script/Engine.SkyLight Name:SkyLight_1 Label:SkyLight SpatiallyLoaded:0 Bounds:IsValid=true, Min=(X=0.000 Y=0.000 Z=690.000), Max=(X=0.000 Y=0.000 Z=690.000) RuntimeGrid:None EditorOnly:0 RuntimeOnly:0 HLODRelevant:0 ListedInSceneOutliner:1 IsMainWorldOnly:0 FolderPath:Lighting FolderGuid:963EC3EB4002CCE9759E2EBA541A873A
 |   |   |- Guid:8CDE72B64B72F34E43102EA6F59D9AFE BaseClass: NativeClass:/Script/Engine.StaticMeshActor Name:StaticMeshActor_22 Label:SM_QuarterCylinder4 SpatiallyLoaded:1 Bounds:IsValid=true, Min=(X=300.000 Y=2600.000 Z=0.000), Max=(X=400.000 Y=2700.000 Z=200.000) RuntimeGrid:None EditorOnly:0 RuntimeOnly:0 HLODRelevant:1 ListedInSceneOutliner:1 IsMainWorldOnly:0 FolderPath:Block03 FolderGuid:7B7009C345D3D6DD94D3429E1D79C034
 |   |   |- Guid:A8961BA04E02B6170E3FBCAC42B973A6 BaseClass: NativeClass:/Script/Engine.StaticMeshActor Name:StaticMeshActor_0 Label:SM_Cube5 SpatiallyLoaded:1 Bounds:IsValid=true, Min=(X=-0.000 Y=100.000 Z=0.000), Max=(X=100.000 Y=3400.000 Z=400.000) RuntimeGrid:None EditorOnly:0 RuntimeOnly:0 HLODRelevant:1 ListedInSceneOutliner:1 IsMainWorldOnly:0 FolderPath:Playground FolderGuid:C73F09FC4215536B1DCE2A9E0A830C70
 |   |   |- Guid:B4AB9B344531F605B80B28A26800EEC4 BaseClass: NativeClass:/Script/Engine.StaticMeshActor Name:StaticMeshActor_2 Label:SM_ChamferCube SpatiallyLoaded:1 Bounds:IsValid=true, Min=(X=1100.000 Y=2000.000 Z=0.013), Max=(X=1200.000 Y=2100.000 Z=100.013) RuntimeGrid:None EditorOnly:0 RuntimeOnly:0 HLODRelevant:0 ListedInSceneOutliner:1 IsMainWorldOnly:0
 |   |   |- Guid:BA1225254833F7F2257DE4A4A0ACEC44 BaseClass: NativeClass:/Script/Engine.StaticMeshActor Name:StaticMeshActor_UAID_74563CB3103A74DA01_1823160784 Label:SM_TableRound SpatiallyLoaded:1 Bounds:IsValid=true, Min=(X=1078.459 Y=1438.459 Z=0.106), Max=(X=1201.540 Y=1561.541 Z=70.314) RuntimeGrid:None EditorOnly:0 RuntimeOnly:0 HLODRelevant:1 ListedInSceneOutliner:1 IsMainWorldOnly:0 FolderPath:MyFolder FolderGuid:6BB5CC014EBEC15956F6F9BD86283D2E
 |   |   |- Guid:C42D00854F449372C4A421BA57C26E56 BaseClass: NativeClass:/Script/Engine.StaticMeshActor Name:StaticMeshActor_11 Label:SM_ChamferCube3 SpatiallyLoaded:1 Bounds:IsValid=true, Min=(X=481.699 Y=2271.699 Z=0.013), Max=(X=618.301 Y=2408.301 Z=100.013) RuntimeGrid:None EditorOnly:0 RuntimeOnly:0 HLODRelevant:0 ListedInSceneOutliner:1 IsMainWorldOnly:0
 |   |   |- Guid:C5EBC35747B8BE966AAC5DB054CB3F1A BaseClass: NativeClass:/Script/Engine.StaticMeshActor Name:StaticMeshActor_23 Label:SM_QuarterCylinder5 SpatiallyLoaded:1 Bounds:IsValid=true, Min=(X=300.000 Y=2800.000 Z=0.000), Max=(X=400.000 Y=2900.000 Z=200.000) RuntimeGrid:None EditorOnly:0 RuntimeOnly:0 HLODRelevant:1 ListedInSceneOutliner:1 IsMainWorldOnly:0 FolderPath:Block03 FolderGuid:7B7009C345D3D6DD94D3429E1D79C034
 |   |   |- Guid:CF7BD28746A83AFB084EB09656D79031 BaseClass: NativeClass:/Script/Engine.StaticMeshActor Name:StaticMeshActor_5 Label:SM_Cube2 SpatiallyLoaded:1 Bounds:IsValid=true, Min=(X=0.000 Y=0.000 Z=0.000), Max=(X=3000.000 Y=100.000 Z=400.000) RuntimeGrid:None EditorOnly:0 RuntimeOnly:0 HLODRelevant:1 ListedInSceneOutliner:1 IsMainWorldOnly:0 FolderPath:Playground FolderGuid:C73F09FC4215536B1DCE2A9E0A830C70
 |   |   |- Guid:DA44F94E48A9A69020CB29AE6B7CA2A2 BaseClass: NativeClass:/Script/Engine.StaticMeshActor Name:StaticMeshActor_19 Label:SM_QuarterCylinder2 SpatiallyLoaded:1 Bounds:IsValid=true, Min=(X=2500.000 Y=2600.000 Z=0.000), Max=(X=2600.000 Y=2700.000 Z=200.000) RuntimeGrid:None EditorOnly:0 RuntimeOnly:0 HLODRelevant:1 ListedInSceneOutliner:1 IsMainWorldOnly:0 FolderPath:Block02 FolderGuid:EBA23F8248252949750E43911A3A1CDD
 |   |   |- Guid:DF06401346D97A2F462716B45D51446C BaseClass: NativeClass:/Script/Engine.TextRenderActor Name:TextRenderActor_1 Label:TextRenderActor SpatiallyLoaded:1 Bounds:IsValid=true, Min=(X=-0.100 Y=1100.000 Z=65.013), Max=(X=-0.100 Y=2392.308 Z=215.013) RuntimeGrid:None EditorOnly:0 RuntimeOnly:0 HLODRelevant:0 ListedInSceneOutliner:1 IsMainWorldOnly:0
 |   |   |- Guid:E20833F543643C21392B58BCE646F377 BaseClass: NativeClass:/Script/Engine.PlayerStart Name:PlayerStart_0 Label:PlayerStart SpatiallyLoaded:0 Bounds:IsValid=true, Min=(X=860.000 Y=1070.000 Z=0.013), Max=(X=940.000 Y=1150.000 Z=184.013) RuntimeGrid:None EditorOnly:0 RuntimeOnly:0 HLODRelevant:0 ListedInSceneOutliner:1 IsMainWorldOnly:0
 |   |   |- Guid:E5EEFB1E4F3A0A6998EE7BBC8D267BC5 BaseClass: NativeClass:/Script/Engine.StaticMeshActor Name:StaticMeshActor_32 Label:SM_QuarterCylinder11 SpatiallyLoaded:1 Bounds:IsValid=true, Min=(X=2200.000 Y=700.000 Z=-0.000), Max=(X=2400.000 Y=900.000 Z=100.000) RuntimeGrid:None EditorOnly:0 RuntimeOnly:0 HLODRelevant:1 ListedInSceneOutliner:1 IsMainWorldOnly:0 FolderPath:Cylinder FolderGuid:D075E5BA49330D3EC2503D81A7CF88D1
 |   |   |- Guid:EC2A7A954CD40E3E9E29D786DAA2A331 BaseClass: NativeClass:/Script/Engine.StaticMeshActor Name:StaticMeshActor_34 Label:SM_QuarterCylinder13 SpatiallyLoaded:1 Bounds:IsValid=true, Min=(X=2000.000 Y=500.000 Z=0.000), Max=(X=2200.000 Y=700.000 Z=100.000) RuntimeGrid:None EditorOnly:0 RuntimeOnly:0 HLODRelevant:1 ListedInSceneOutliner:1 IsMainWorldOnly:0 FolderPath:Cylinder FolderGuid:D075E5BA49330D3EC2503D81A7CF88D1
 |   |   |- Guid:F0A797DA4FC62344B37CF0B43A69CC43 BaseClass: NativeClass:/Script/Engine.StaticMeshActor Name:StaticMeshActor_21 Label:SM_QuarterCylinder3 SpatiallyLoaded:1 Bounds:IsValid=true, Min=(X=1500.000 Y=2200.000 Z=0.000), Max=(X=1600.000 Y=2300.000 Z=200.000) RuntimeGrid:None EditorOnly:0 RuntimeOnly:0 HLODRelevant:1 ListedInSceneOutliner:1 IsMainWorldOnly:0 FolderPath:Block01 FolderGuid:7D23E5AE4C2A421F86AF6986D87E6D05
 |   |   |- Guid:F362B1D04C48C4187D6DFD8503F316ED BaseClass: NativeClass:/Script/Engine.StaticMeshActor Name:StaticMeshActor_35 Label:SM_QuarterCylinder14 SpatiallyLoaded:1 Bounds:IsValid=true, Min=(X=2200.000 Y=500.000 Z=0.000), Max=(X=2400.000 Y=700.000 Z=100.000) RuntimeGrid:None EditorOnly:0 RuntimeOnly:0 HLODRelevant:1 ListedInSceneOutliner:1 IsMainWorldOnly:0 FolderPath:Cylinder FolderGuid:D075E5BA49330D3EC2503D81A7CF88D1
 |   |   |- Guid:F54782D94B021AD957A7F7ADDF4126B0 BaseClass: NativeClass:/Script/Engine.StaticMeshActor Name:StaticMeshActor_3 Label:SM_Ramp SpatiallyLoaded:1 Bounds:IsValid=true, Min=(X=1300.000 Y=600.000 Z=0.000), Max=(X=1700.000 Y=800.000 Z=30.000) RuntimeGrid:None EditorOnly:0 RuntimeOnly:0 HLODRelevant:1 ListedInSceneOutliner:1 IsMainWorldOnly:0
 |   |   |- Guid:F7FC7A624FF07664331013835C46A5D9 BaseClass: NativeClass:/Script/Engine.StaticMeshActor Name:StaticMeshActor_9 Label:SM_Ramp2 SpatiallyLoaded:1 Bounds:IsValid=true, Min=(X=1400.000 Y=1500.000 Z=0.000), Max=(X=1800.000 Y=1700.000 Z=100.000) RuntimeGrid:None EditorOnly:0 RuntimeOnly:0 HLODRelevant:1 ListedInSceneOutliner:1 IsMainWorldOnly:0 FolderPath:Block01 FolderGuid:7D23E5AE4C2A421F86AF6986D87E6D05
 |   |   |- Guid:F9F753F74A70D21B0AACC6B797CF4A7E BaseClass: NativeClass:/Script/Engine.StaticMeshActor Name:StaticMeshActor_7 Label:SM_Cube7 SpatiallyLoaded:1 Bounds:IsValid=true, Min=(X=1300.000 Y=2200.000 Z=0.000), Max=(X=1500.000 Y=2300.000 Z=200.000) RuntimeGrid:None EditorOnly:0 RuntimeOnly:0 HLODRelevant:1 ListedInSceneOutliner:1 IsMainWorldOnly:0 FolderPath:Block01 FolderGuid:7D23E5AE4C2A421F86AF6986D87E6D05
 |   |- [+] Clusters:
 |   |   |- [+] [  0]
 |   |   |   |- Guid:01ED16EB457B7A0ABBBDCD8CB7EE3C11 BaseClass: NativeClass:/Script/Engine.StaticMeshActor Name:StaticMeshActor_UAID_A4AE111137DC5EFB00_1110535423 Label:SM_SkySphere SpatiallyLoaded:0 Bounds:IsValid=true, Min=(X=-1638400.000 Y=-1638400.000 Z=-1638400.000), Max=(X=1638400.000 Y=1638400.000 Z=1638400.000) RuntimeGrid:None EditorOnly:0 RuntimeOnly:0 HLODRelevant:1 ListedInSceneOutliner:1 IsMainWorldOnly:0 FolderPath:Lighting FolderGuid:963EC3EB4002CCE9759E2EBA541A873A
 |   |   |- [+] [  1]
 |   |   |   |- Guid:034C696240D57EDEE7950ABB670EA8D9 BaseClass: NativeClass:/Script/Engine.StaticMeshActor Name:StaticMeshActor_UAID_74563CB3103A74DA01_1804166783 Label:SM_Chair SpatiallyLoaded:1 Bounds:IsValid=true, Min=(X=946.751 Y=1488.235 Z=0.063), Max=(X=1051.622 Y=1592.357 Z=115.413) RuntimeGrid:None EditorOnly:0 RuntimeOnly:0 HLODRelevant:1 ListedInSceneOutliner:1 IsMainWorldOnly:0 FolderPath:MyFolder FolderGuid:6BB5CC014EBEC15956F6F9BD86283D2E
 |   |   |- [+] [  2]
 |   |   |   |- Guid:152A5A754206EE5428EA9CB816DE99A9 BaseClass: NativeClass:/Script/Engine.PostProcessVolume Name:PostProcessVolume_0 Label:PostProcessVolume SpatiallyLoaded:0 Bounds:IsValid=true, Min=(X=0.000 Y=0.000 Z=400.000), Max=(X=200.000 Y=200.000 Z=600.000) RuntimeGrid:None EditorOnly:0 RuntimeOnly:0 HLODRelevant:0 ListedInSceneOutliner:1 IsMainWorldOnly:0 FolderPath:Lighting FolderGuid:963EC3EB4002CCE9759E2EBA541A873A
 |   |   |- [+] [  3]
 |   |   |   |- Guid:189C8E7E4D557CEC385D02A5432CF4EF BaseClass: NativeClass:/Script/Engine.StaticMeshActor Name:StaticMeshActor_4 Label:SM_Cube6 SpatiallyLoaded:1 Bounds:IsValid=true, Min=(X=2900.000 Y=100.000 Z=0.000), Max=(X=3000.000 Y=3400.000 Z=400.000) RuntimeGrid:None EditorOnly:0 RuntimeOnly:0 HLODRelevant:1 ListedInSceneOutliner:1 IsMainWorldOnly:0 FolderPath:Playground FolderGuid:C73F09FC4215536B1DCE2A9E0A830C70
 |   |   |- [+] [  4]
 |   |   |   |- Guid:1B2F5E2447900F241774469901DD8618 BaseClass: NativeClass:/Script/Engine.StaticMeshActor Name:StaticMeshActor_18 Label:SM_QuarterCylinder SpatiallyLoaded:1 Bounds:IsValid=true, Min=(X=2500.000 Y=2800.000 Z=0.000), Max=(X=2600.000 Y=2900.000 Z=200.000) RuntimeGrid:None EditorOnly:0 RuntimeOnly:0 HLODRelevant:1 ListedInSceneOutliner:1 IsMainWorldOnly:0 FolderPath:Block02 FolderGuid:EBA23F8248252949750E43911A3A1CDD
 |   |   |- [+] [  5]
 |   |   |   |- Guid:1D969BBB4BA9B5A5A8F5B99D5F954D1E BaseClass: NativeClass:/Script/Engine.StaticMeshActor Name:StaticMeshActor_16 Label:SM_Cube11 SpatiallyLoaded:1 Bounds:IsValid=true, Min=(X=400.000 Y=2600.000 Z=0.000), Max=(X=700.000 Y=2900.000 Z=200.000) RuntimeGrid:None EditorOnly:0 RuntimeOnly:0 HLODRelevant:1 ListedInSceneOutliner:1 IsMainWorldOnly:0 FolderPath:Block03 FolderGuid:7B7009C345D3D6DD94D3429E1D79C034
 |   |   |- [+] [  6]
 |   |   |   |- Guid:2BB3E88E4E016CC5ECEDD6B0C23CD960 BaseClass: NativeClass:/Script/Engine.StaticMeshActor Name:StaticMeshActor_8 Label:SM_Cube4 SpatiallyLoaded:1 Bounds:IsValid=true, Min=(X=1200.000 Y=1700.000 Z=0.000), Max=(X=1800.000 Y=2200.000 Z=200.000) RuntimeGrid:None EditorOnly:0 RuntimeOnly:0 HLODRelevant:1 ListedInSceneOutliner:1 IsMainWorldOnly:0 FolderPath:Block01 FolderGuid:7D23E5AE4C2A421F86AF6986D87E6D05
 |   |   |- [+] [  7]
 |   |   |   |- Guid:30765F2D456AF35347EF608B39C9B723 BaseClass: NativeClass:/Script/Engine.StaticMeshActor Name:StaticMeshActor_1 Label:SM_Cube SpatiallyLoaded:1 Bounds:IsValid=true, Min=(X=0.000 Y=0.000 Z=-50.000), Max=(X=3000.000 Y=3500.000 Z=0.000) RuntimeGrid:None EditorOnly:0 RuntimeOnly:0 HLODRelevant:1 ListedInSceneOutliner:1 IsMainWorldOnly:0 FolderPath:Playground FolderGuid:C73F09FC4215536B1DCE2A9E0A830C70
 |   |   |- [+] [  8]
 |   |   |   |- Guid:3223D0284C22F6BE763E27A8023C2157 BaseClass: NativeClass:/Script/Engine.VolumetricCloud Name:VolumetricCloud_0 Label:VolumetricCloud SpatiallyLoaded:0 Bounds:IsValid=true, Min=(X=0.000 Y=0.000 Z=820.000), Max=(X=0.000 Y=0.000 Z=820.000) RuntimeGrid:None EditorOnly:0 RuntimeOnly:0 HLODRelevant:0 ListedInSceneOutliner:1 IsMainWorldOnly:0 FolderPath:Lighting FolderGuid:963EC3EB4002CCE9759E2EBA541A873A
 |   |   |- [+] [  9]
 |   |   |   |- Guid:359442F84A7762295E20558DB69C62EA BaseClass: NativeClass:/Script/Engine.StaticMeshActor Name:StaticMeshActor_10 Label:SM_ChamferCube2 SpatiallyLoaded:1 Bounds:IsValid=true, Min=(X=992.077 Y=2692.077 Z=0.013), Max=(X=1107.923 Y=2807.923 Z=100.013) RuntimeGrid:None EditorOnly:0 RuntimeOnly:0 HLODRelevant:0 ListedInSceneOutliner:1 IsMainWorldOnly:0
 |   |   |- [+] [ 10]
 |   |   |   |- Guid:3C2539444125CD12C97603B633221F98 BaseClass: NativeClass:/Script/Engine.StaticMeshActor Name:StaticMeshActor_14 Label:SM_Ramp3 SpatiallyLoaded:1 Bounds:IsValid=true, Min=(X=1800.000 Y=1700.000 Z=100.000), Max=(X=2000.000 Y=2100.000 Z=200.000) RuntimeGrid:None EditorOnly:0 RuntimeOnly:0 HLODRelevant:1 ListedInSceneOutliner:1 IsMainWorldOnly:0 FolderPath:Block01 FolderGuid:7D23E5AE4C2A421F86AF6986D87E6D05
 |   |   |- [+] [ 11]
 |   |   |   |- Guid:3EFD952A4877CFF5F5E562B94125E3F0 BaseClass: NativeClass:/Script/Engine.StaticMeshActor Name:StaticMeshActor_13 Label:SM_Cube9 SpatiallyLoaded:1 Bounds:IsValid=true, Min=(X=1800.000 Y=1500.000 Z=0.000), Max=(X=2000.000 Y=2200.000 Z=100.000) RuntimeGrid:None EditorOnly:0 RuntimeOnly:0 HLODRelevant:1 ListedInSceneOutliner:1 IsMainWorldOnly:0 FolderPath:Block01 FolderGuid:7D23E5AE4C2A421F86AF6986D87E6D05
 |   |   |- [+] [ 12]
 |   |   |   |- Guid:430B4EA84741ED294A31868682493C0D BaseClass: NativeClass:/Script/Engine.StaticMeshActor Name:StaticMeshActor_20 Label:SM_Cube12 SpatiallyLoaded:1 Bounds:IsValid=true, Min=(X=2500.000 Y=2700.000 Z=0.000), Max=(X=2600.000 Y=2800.000 Z=200.000) RuntimeGrid:None EditorOnly:0 RuntimeOnly:0 HLODRelevant:1 ListedInSceneOutliner:1 IsMainWorldOnly:0 FolderPath:Block02 FolderGuid:EBA23F8248252949750E43911A3A1CDD
 |   |   |- [+] [ 13]
 |   |   |   |- Guid:5535EC7E4A78BC4CD942FCA64DFDED25 BaseClass: NativeClass:/Script/Engine.WorldDataLayers Name:WorldDataLayers Label:WorldDataLayers SpatiallyLoaded:0 Bounds:Invalid RuntimeGrid:None EditorOnly:0 RuntimeOnly:0 HLODRelevant:0 ListedInSceneOutliner:1 IsMainWorldOnly:1
 |   |   |- [+] [ 14]
 |   |   |   |- Guid:6297959744A0AB95BD72D5BD7DCAFBFE BaseClass: NativeClass:/Script/Engine.SkyAtmosphere Name:SkyAtmosphere_0 Label:SkyAtmosphere SpatiallyLoaded:0 Bounds:IsValid=true, Min=(X=0.000 Y=0.000 Z=1020.000), Max=(X=0.000 Y=0.000 Z=1020.000) RuntimeGrid:None EditorOnly:0 RuntimeOnly:0 HLODRelevant:0 ListedInSceneOutliner:1 IsMainWorldOnly:0 FolderPath:Lighting FolderGuid:963EC3EB4002CCE9759E2EBA541A873A
 |   |   |- [+] [ 15]
 |   |   |   |- Guid:6B7CCA9B430D694EB20DBDB32B4252D7 BaseClass: NativeClass:/Script/Engine.StaticMeshActor Name:StaticMeshActor_12 Label:SM_Cube8 SpatiallyLoaded:1 Bounds:IsValid=true, Min=(X=1300.000 Y=2600.000 Z=0.000), Max=(X=2500.000 Y=2900.000 Z=200.000) RuntimeGrid:None EditorOnly:0 RuntimeOnly:0 HLODRelevant:1 ListedInSceneOutliner:1 IsMainWorldOnly:0 FolderPath:Block02 FolderGuid:EBA23F8248252949750E43911A3A1CDD
 |   |   |- [+] [ 16]
 |   |   |   |- Guid:72C4745046D2DDA9631BC5A384237F5A BaseClass: NativeClass:/Script/Engine.StaticMeshActor Name:StaticMeshActor_6 Label:SM_Cube3 SpatiallyLoaded:1 Bounds:IsValid=true, Min=(X=0.000 Y=3400.000 Z=0.000), Max=(X=3000.000 Y=3500.000 Z=400.000) RuntimeGrid:None EditorOnly:0 RuntimeOnly:0 HLODRelevant:1 ListedInSceneOutliner:1 IsMainWorldOnly:0 FolderPath:Playground FolderGuid:C73F09FC4215536B1DCE2A9E0A830C70
 |   |   |- [+] [ 17]
 |   |   |   |- Guid:72CD24484ABCFAC0637033B1FA233D5B BaseClass: NativeClass:/Script/Engine.DirectionalLight Name:DirectionalLight_0 Label:DirectionalLight SpatiallyLoaded:0 Bounds:IsValid=true, Min=(X=-4398046511104.000 Y=-4398046511104.000 Z=-4398046511104.000), Max=(X=4398046511104.000 Y=4398046511104.000 Z=4398046511104.000) RuntimeGrid:None EditorOnly:0 RuntimeOnly:0 HLODRelevant:0 ListedInSceneOutliner:1 IsMainWorldOnly:0 FolderPath:Lighting FolderGuid:963EC3EB4002CCE9759E2EBA541A873A
 |   |   |- [+] [ 18]
 |   |   |   |- Guid:7A7D88674690820A76F9BCBDB172EA9A BaseClass: NativeClass:/Script/Engine.StaticMeshActor Name:StaticMeshActor_15 Label:SM_Cube10 SpatiallyLoaded:1 Bounds:IsValid=true, Min=(X=1800.000 Y=2100.000 Z=100.000), Max=(X=2000.000 Y=2200.000 Z=200.000) RuntimeGrid:None EditorOnly:0 RuntimeOnly:0 HLODRelevant:1 ListedInSceneOutliner:1 IsMainWorldOnly:0 FolderPath:Block01 FolderGuid:7D23E5AE4C2A421F86AF6986D87E6D05
 |   |   |- [+] [ 19]
 |   |   |   |- Guid:7C992C544B40329FE81B0EA39A5AD5F6 BaseClass: NativeClass:/Script/Engine.StaticMeshActor Name:StaticMeshActor_24 Label:SM_Cube13 SpatiallyLoaded:1 Bounds:IsValid=true, Min=(X=300.000 Y=2700.000 Z=0.000), Max=(X=400.000 Y=2800.000 Z=200.000) RuntimeGrid:None EditorOnly:0 RuntimeOnly:0 HLODRelevant:1 ListedInSceneOutliner:1 IsMainWorldOnly:0 FolderPath:Block03 FolderGuid:7B7009C345D3D6DD94D3429E1D79C034
 |   |   |- [+] [ 20]
 |   |   |   |- Guid:7DD6F79046A2213312470890F3A7875C BaseClass: NativeClass:/Script/Engine.ExponentialHeightFog Name:ExponentialHeightFog_0 Label:ExponentialHeightFog SpatiallyLoaded:0 Bounds:IsValid=true, Min=(X=-5600.000 Y=-50.000 Z=-6850.000), Max=(X=-5600.000 Y=-50.000 Z=-6850.000) RuntimeGrid:None EditorOnly:0 RuntimeOnly:0 HLODRelevant:0 ListedInSceneOutliner:1 IsMainWorldOnly:0 FolderPath:Lighting FolderGuid:963EC3EB4002CCE9759E2EBA541A873A
 |   |   |- [+] [ 21]
 |   |   |   |- Guid:80AD3FAC4ACDC1252EAAE8908617FD46 BaseClass: NativeClass:/Script/Engine.StaticMeshActor Name:StaticMeshActor_25 Label:SM_QuarterCylinder6 SpatiallyLoaded:1 Bounds:IsValid=true, Min=(X=1200.000 Y=2200.000 Z=0.000), Max=(X=1300.000 Y=2300.000 Z=200.000) RuntimeGrid:None EditorOnly:0 RuntimeOnly:0 HLODRelevant:1 ListedInSceneOutliner:1 IsMainWorldOnly:0 FolderPath:Block01 FolderGuid:7D23E5AE4C2A421F86AF6986D87E6D05
 |   |   |- [+] [ 22]
 |   |   |   |- Guid:80D3405C4D0FCAFF08AEBDAD07AB8E70 BaseClass: NativeClass:/Script/Engine.StaticMeshActor Name:StaticMeshActor_33 Label:SM_QuarterCylinder12 SpatiallyLoaded:1 Bounds:IsValid=true, Min=(X=2000.000 Y=700.000 Z=0.000), Max=(X=2200.000 Y=900.000 Z=100.000) RuntimeGrid:None EditorOnly:0 RuntimeOnly:0 HLODRelevant:1 ListedInSceneOutliner:1 IsMainWorldOnly:0 FolderPath:Cylinder FolderGuid:D075E5BA49330D3EC2503D81A7CF88D1
 |   |   |- [+] [ 23]
 |   |   |   |- Guid:855E91E14D3C6A63ECFCC8A7D6420FC1 BaseClass: NativeClass:/Script/Engine.SkyLight Name:SkyLight_1 Label:SkyLight SpatiallyLoaded:0 Bounds:IsValid=true, Min=(X=0.000 Y=0.000 Z=690.000), Max=(X=0.000 Y=0.000 Z=690.000) RuntimeGrid:None EditorOnly:0 RuntimeOnly:0 HLODRelevant:0 ListedInSceneOutliner:1 IsMainWorldOnly:0 FolderPath:Lighting FolderGuid:963EC3EB4002CCE9759E2EBA541A873A
 |   |   |- [+] [ 24]
 |   |   |   |- Guid:8CDE72B64B72F34E43102EA6F59D9AFE BaseClass: NativeClass:/Script/Engine.StaticMeshActor Name:StaticMeshActor_22 Label:SM_QuarterCylinder4 SpatiallyLoaded:1 Bounds:IsValid=true, Min=(X=300.000 Y=2600.000 Z=0.000), Max=(X=400.000 Y=2700.000 Z=200.000) RuntimeGrid:None EditorOnly:0 RuntimeOnly:0 HLODRelevant:1 ListedInSceneOutliner:1 IsMainWorldOnly:0 FolderPath:Block03 FolderGuid:7B7009C345D3D6DD94D3429E1D79C034
 |   |   |- [+] [ 25]
 |   |   |   |- Guid:A8961BA04E02B6170E3FBCAC42B973A6 BaseClass: NativeClass:/Script/Engine.StaticMeshActor Name:StaticMeshActor_0 Label:SM_Cube5 SpatiallyLoaded:1 Bounds:IsValid=true, Min=(X=-0.000 Y=100.000 Z=0.000), Max=(X=100.000 Y=3400.000 Z=400.000) RuntimeGrid:None EditorOnly:0 RuntimeOnly:0 HLODRelevant:1 ListedInSceneOutliner:1 IsMainWorldOnly:0 FolderPath:Playground FolderGuid:C73F09FC4215536B1DCE2A9E0A830C70
 |   |   |- [+] [ 26]
 |   |   |   |- Guid:B4AB9B344531F605B80B28A26800EEC4 BaseClass: NativeClass:/Script/Engine.StaticMeshActor Name:StaticMeshActor_2 Label:SM_ChamferCube SpatiallyLoaded:1 Bounds:IsValid=true, Min=(X=1100.000 Y=2000.000 Z=0.013), Max=(X=1200.000 Y=2100.000 Z=100.013) RuntimeGrid:None EditorOnly:0 RuntimeOnly:0 HLODRelevant:0 ListedInSceneOutliner:1 IsMainWorldOnly:0
 |   |   |- [+] [ 27]
 |   |   |   |- Guid:BA1225254833F7F2257DE4A4A0ACEC44 BaseClass: NativeClass:/Script/Engine.StaticMeshActor Name:StaticMeshActor_UAID_74563CB3103A74DA01_1823160784 Label:SM_TableRound SpatiallyLoaded:1 Bounds:IsValid=true, Min=(X=1078.459 Y=1438.459 Z=0.106), Max=(X=1201.540 Y=1561.541 Z=70.314) RuntimeGrid:None EditorOnly:0 RuntimeOnly:0 HLODRelevant:1 ListedInSceneOutliner:1 IsMainWorldOnly:0 FolderPath:MyFolder FolderGuid:6BB5CC014EBEC15956F6F9BD86283D2E
 |   |   |- [+] [ 28]
 |   |   |   |- Guid:C42D00854F449372C4A421BA57C26E56 BaseClass: NativeClass:/Script/Engine.StaticMeshActor Name:StaticMeshActor_11 Label:SM_ChamferCube3 SpatiallyLoaded:1 Bounds:IsValid=true, Min=(X=481.699 Y=2271.699 Z=0.013), Max=(X=618.301 Y=2408.301 Z=100.013) RuntimeGrid:None EditorOnly:0 RuntimeOnly:0 HLODRelevant:0 ListedInSceneOutliner:1 IsMainWorldOnly:0
 |   |   |- [+] [ 29]
 |   |   |   |- Guid:C5EBC35747B8BE966AAC5DB054CB3F1A BaseClass: NativeClass:/Script/Engine.StaticMeshActor Name:StaticMeshActor_23 Label:SM_QuarterCylinder5 SpatiallyLoaded:1 Bounds:IsValid=true, Min=(X=300.000 Y=2800.000 Z=0.000), Max=(X=400.000 Y=2900.000 Z=200.000) RuntimeGrid:None EditorOnly:0 RuntimeOnly:0 HLODRelevant:1 ListedInSceneOutliner:1 IsMainWorldOnly:0 FolderPath:Block03 FolderGuid:7B7009C345D3D6DD94D3429E1D79C034
 |   |   |- [+] [ 30]
 |   |   |   |- Guid:CF7BD28746A83AFB084EB09656D79031 BaseClass: NativeClass:/Script/Engine.StaticMeshActor Name:StaticMeshActor_5 Label:SM_Cube2 SpatiallyLoaded:1 Bounds:IsValid=true, Min=(X=0.000 Y=0.000 Z=0.000), Max=(X=3000.000 Y=100.000 Z=400.000) RuntimeGrid:None EditorOnly:0 RuntimeOnly:0 HLODRelevant:1 ListedInSceneOutliner:1 IsMainWorldOnly:0 FolderPath:Playground FolderGuid:C73F09FC4215536B1DCE2A9E0A830C70
 |   |   |- [+] [ 31]
 |   |   |   |- Guid:DA44F94E48A9A69020CB29AE6B7CA2A2 BaseClass: NativeClass:/Script/Engine.StaticMeshActor Name:StaticMeshActor_19 Label:SM_QuarterCylinder2 SpatiallyLoaded:1 Bounds:IsValid=true, Min=(X=2500.000 Y=2600.000 Z=0.000), Max=(X=2600.000 Y=2700.000 Z=200.000) RuntimeGrid:None EditorOnly:0 RuntimeOnly:0 HLODRelevant:1 ListedInSceneOutliner:1 IsMainWorldOnly:0 FolderPath:Block02 FolderGuid:EBA23F8248252949750E43911A3A1CDD
 |   |   |- [+] [ 32]
 |   |   |   |- Guid:DF06401346D97A2F462716B45D51446C BaseClass: NativeClass:/Script/Engine.TextRenderActor Name:TextRenderActor_1 Label:TextRenderActor SpatiallyLoaded:1 Bounds:IsValid=true, Min=(X=-0.100 Y=1100.000 Z=65.013), Max=(X=-0.100 Y=2392.308 Z=215.013) RuntimeGrid:None EditorOnly:0 RuntimeOnly:0 HLODRelevant:0 ListedInSceneOutliner:1 IsMainWorldOnly:0
 |   |   |- [+] [ 33]
 |   |   |   |- Guid:E20833F543643C21392B58BCE646F377 BaseClass: NativeClass:/Script/Engine.PlayerStart Name:PlayerStart_0 Label:PlayerStart SpatiallyLoaded:0 Bounds:IsValid=true, Min=(X=860.000 Y=1070.000 Z=0.013), Max=(X=940.000 Y=1150.000 Z=184.013) RuntimeGrid:None EditorOnly:0 RuntimeOnly:0 HLODRelevant:0 ListedInSceneOutliner:1 IsMainWorldOnly:0
 |   |   |- [+] [ 34]
 |   |   |   |- Guid:E5EEFB1E4F3A0A6998EE7BBC8D267BC5 BaseClass: NativeClass:/Script/Engine.StaticMeshActor Name:StaticMeshActor_32 Label:SM_QuarterCylinder11 SpatiallyLoaded:1 Bounds:IsValid=true, Min=(X=2200.000 Y=700.000 Z=-0.000), Max=(X=2400.000 Y=900.000 Z=100.000) RuntimeGrid:None EditorOnly:0 RuntimeOnly:0 HLODRelevant:1 ListedInSceneOutliner:1 IsMainWorldOnly:0 FolderPath:Cylinder FolderGuid:D075E5BA49330D3EC2503D81A7CF88D1
 |   |   |- [+] [ 35]
 |   |   |   |- Guid:EC2A7A954CD40E3E9E29D786DAA2A331 BaseClass: NativeClass:/Script/Engine.StaticMeshActor Name:StaticMeshActor_34 Label:SM_QuarterCylinder13 SpatiallyLoaded:1 Bounds:IsValid=true, Min=(X=2000.000 Y=500.000 Z=0.000), Max=(X=2200.000 Y=700.000 Z=100.000) RuntimeGrid:None EditorOnly:0 RuntimeOnly:0 HLODRelevant:1 ListedInSceneOutliner:1 IsMainWorldOnly:0 FolderPath:Cylinder FolderGuid:D075E5BA49330D3EC2503D81A7CF88D1
 |   |   |- [+] [ 36]
 |   |   |   |- Guid:F0A797DA4FC62344B37CF0B43A69CC43 BaseClass: NativeClass:/Script/Engine.StaticMeshActor Name:StaticMeshActor_21 Label:SM_QuarterCylinder3 SpatiallyLoaded:1 Bounds:IsValid=true, Min=(X=1500.000 Y=2200.000 Z=0.000), Max=(X=1600.000 Y=2300.000 Z=200.000) RuntimeGrid:None EditorOnly:0 RuntimeOnly:0 HLODRelevant:1 ListedInSceneOutliner:1 IsMainWorldOnly:0 FolderPath:Block01 FolderGuid:7D23E5AE4C2A421F86AF6986D87E6D05
 |   |   |- [+] [ 37]
 |   |   |   |- Guid:F362B1D04C48C4187D6DFD8503F316ED BaseClass: NativeClass:/Script/Engine.StaticMeshActor Name:StaticMeshActor_35 Label:SM_QuarterCylinder14 SpatiallyLoaded:1 Bounds:IsValid=true, Min=(X=2200.000 Y=500.000 Z=0.000), Max=(X=2400.000 Y=700.000 Z=100.000) RuntimeGrid:None EditorOnly:0 RuntimeOnly:0 HLODRelevant:1 ListedInSceneOutliner:1 IsMainWorldOnly:0 FolderPath:Cylinder FolderGuid:D075E5BA49330D3EC2503D81A7CF88D1
 |   |   |- [+] [ 38]
 |   |   |   |- Guid:F54782D94B021AD957A7F7ADDF4126B0 BaseClass: NativeClass:/Script/Engine.StaticMeshActor Name:StaticMeshActor_3 Label:SM_Ramp SpatiallyLoaded:1 Bounds:IsValid=true, Min=(X=1300.000 Y=600.000 Z=0.000), Max=(X=1700.000 Y=800.000 Z=30.000) RuntimeGrid:None EditorOnly:0 RuntimeOnly:0 HLODRelevant:1 ListedInSceneOutliner:1 IsMainWorldOnly:0
 |   |   |- [+] [ 39]
 |   |   |   |- Guid:F7FC7A624FF07664331013835C46A5D9 BaseClass: NativeClass:/Script/Engine.StaticMeshActor Name:StaticMeshActor_9 Label:SM_Ramp2 SpatiallyLoaded:1 Bounds:IsValid=true, Min=(X=1400.000 Y=1500.000 Z=0.000), Max=(X=1800.000 Y=1700.000 Z=100.000) RuntimeGrid:None EditorOnly:0 RuntimeOnly:0 HLODRelevant:1 ListedInSceneOutliner:1 IsMainWorldOnly:0 FolderPath:Block01 FolderGuid:7D23E5AE4C2A421F86AF6986D87E6D05
 |   |   |- [+] [ 40]
 |   |   |   |- Guid:F9F753F74A70D21B0AACC6B797CF4A7E BaseClass: NativeClass:/Script/Engine.StaticMeshActor Name:StaticMeshActor_7 Label:SM_Cube7 SpatiallyLoaded:1 Bounds:IsValid=true, Min=(X=1300.000 Y=2200.000 Z=0.000), Max=(X=1500.000 Y=2300.000 Z=200.000) RuntimeGrid:None EditorOnly:0 RuntimeOnly:0 HLODRelevant:1 ListedInSceneOutliner:1 IsMainWorldOnly:0 FolderPath:Block01 FolderGuid:7D23E5AE4C2A421F86AF6986D87E6D05
 |- ContainerInstances:
 |- [+] MainContainer:
 |   |-        ID: 00000000000000000000000000000000
 |   |-  ParentID: 00000000000000000000000000000000
 |   |-    Bounds: IsValid=false, Min=(X=0.000 Y=0.000 Z=0.000), Max=(X=0.000 Y=0.000 Z=0.000)
 |   |- Transform: 0.000000,0.000000,0.000000|0.000000,0.000000,-0.000000|1.000000,1.000000,1.000000
 |   |- Container: /Game/MyStuff/Maps/TitleScreen/TitleScreen
----------------------------------------------------------------------------------------------------------------
TitleScreen - Persistent Level
----------------------------------------------------------------------------------------------------------------
[+] Content of TitleScreen Persistent Level
 |- Always loaded Actor Count: 48 
 |- Actor Path: /Game/MyStuff/Maps/TitleScreen/TitleScreen.TitleScreen:PersistentLevel.AbstractNavData-Default
 |- Actor Package: /Game/MyStuff/Maps/TitleScreen/TitleScreen
 |- Actor Path: /Game/MyStuff/Maps/TitleScreen/TitleScreen.TitleScreen:PersistentLevel.Brush_0
 |- Actor Package: /Game/MyStuff/Maps/TitleScreen/TitleScreen
 |- Actor Path: /Game/MyStuff/Maps/TitleScreen/TitleScreen.TitleScreen:PersistentLevel.DefaultPhysicsVolume_0
 |- Actor Package: /Game/MyStuff/Maps/TitleScreen/TitleScreen
 |- Actor Path: /Game/MyStuff/Maps/TitleScreen/TitleScreen.TitleScreen:PersistentLevel.DirectionalLight_0
 |- Actor Package: /Game/__ExternalActors__/MyStuff/Maps/TitleScreen/TitleScreen/E/2X/V3JF0YGNDC2UI514OMS4H9
 |- Actor Path: /Game/MyStuff/Maps/TitleScreen/TitleScreen.TitleScreen:PersistentLevel.ExponentialHeightFog_0
 |- Actor Package: /Game/__ExternalActors__/MyStuff/Maps/TitleScreen/TitleScreen/3/9V/GCPR0HIPLA2N8EZ2C5HYLL
 |- Actor Path: /Game/MyStuff/Maps/TitleScreen/TitleScreen.TitleScreen:PersistentLevel.GameplayDebuggerPlayerManager_0
 |- Actor Package: /Game/MyStuff/Maps/TitleScreen/TitleScreen
 |- Actor Path: /Game/MyStuff/Maps/TitleScreen/TitleScreen.TitleScreen:PersistentLevel.PlayerStart_0
 |- Actor Package: /Game/__ExternalActors__/MyStuff/Maps/TitleScreen/TitleScreen/2/AU/KS2MKEWUSBQ0UP4FOKPBGB
 |- Actor Path: /Game/MyStuff/Maps/TitleScreen/TitleScreen.TitleScreen:PersistentLevel.PostProcessVolume_0
 |- Actor Package: /Game/__ExternalActors__/MyStuff/Maps/TitleScreen/TitleScreen/5/UD/OHXDZHC45E1KX50LTM5UGQ
 |- Actor Path: /Game/MyStuff/Maps/TitleScreen/TitleScreen.TitleScreen:PersistentLevel.SkyAtmosphere_0
 |- Actor Package: /Game/__ExternalActors__/MyStuff/Maps/TitleScreen/TitleScreen/9/3C/5OA744B4N8WNLVZ29B74OU
 |- Actor Path: /Game/MyStuff/Maps/TitleScreen/TitleScreen.TitleScreen:PersistentLevel.SkyLight_1
 |- Actor Package: /Game/__ExternalActors__/MyStuff/Maps/TitleScreen/TitleScreen/C/LL/I9I1RSYTC1NFKDT5LIUGPE
 |- Actor Path: /Game/MyStuff/Maps/TitleScreen/TitleScreen.TitleScreen:PersistentLevel.StaticMeshActor_0
 |- Actor Package: /Game/__ExternalActors__/MyStuff/Maps/TitleScreen/TitleScreen/B/XO/QLRM8YX2PMLO1TXC9FTI2D
 |- Actor Path: /Game/MyStuff/Maps/TitleScreen/TitleScreen.TitleScreen:PersistentLevel.StaticMeshActor_1
 |- Actor Package: /Game/__ExternalActors__/MyStuff/Maps/TitleScreen/TitleScreen/8/94/1GIXJ96CVI6PX4MB15CB4W
 |- Actor Path: /Game/MyStuff/Maps/TitleScreen/TitleScreen.TitleScreen:PersistentLevel.StaticMeshActor_2
 |- Actor Package: /Game/__ExternalActors__/MyStuff/Maps/TitleScreen/TitleScreen/2/S9/LYHVCH6VJEM3EARRKGZGN1
 |- Actor Path: /Game/MyStuff/Maps/TitleScreen/TitleScreen.TitleScreen:PersistentLevel.StaticMeshActor_3
 |- Actor Package: /Game/__ExternalActors__/MyStuff/Maps/TitleScreen/TitleScreen/5/CV/R54Q1I16Z6DE0D8QZ9NEKU
 |- Actor Path: /Game/MyStuff/Maps/TitleScreen/TitleScreen.TitleScreen:PersistentLevel.StaticMeshActor_4
 |- Actor Package: /Game/__ExternalActors__/MyStuff/Maps/TitleScreen/TitleScreen/C/MN/KZD3TBJC2806HOHKVBZBZ7
 |- Actor Path: /Game/MyStuff/Maps/TitleScreen/TitleScreen.TitleScreen:PersistentLevel.StaticMeshActor_5
 |- Actor Package: /Game/__ExternalActors__/MyStuff/Maps/TitleScreen/TitleScreen/9/K7/4M05MYQGOLUMZW5MM63LDL
 |- Actor Path: /Game/MyStuff/Maps/TitleScreen/TitleScreen.TitleScreen:PersistentLevel.StaticMeshActor_6
 |- Actor Package: /Game/__ExternalActors__/MyStuff/Maps/TitleScreen/TitleScreen/3/XD/BAK2TMDTLISG75C9A3EZZU
 |- Actor Path: /Game/MyStuff/Maps/TitleScreen/TitleScreen.TitleScreen:PersistentLevel.StaticMeshActor_7
 |- Actor Package: /Game/__ExternalActors__/MyStuff/Maps/TitleScreen/TitleScreen/C/7V/GTDIGUIWG9V5C5YXLO9BPJ
 |- Actor Path: /Game/MyStuff/Maps/TitleScreen/TitleScreen.TitleScreen:PersistentLevel.StaticMeshActor_8
 |- Actor Package: /Game/__ExternalActors__/MyStuff/Maps/TitleScreen/TitleScreen/9/TF/Q03BHOFB3JKXRO54PKJL0B
 |- Actor Path: /Game/MyStuff/Maps/TitleScreen/TitleScreen.TitleScreen:PersistentLevel.StaticMeshActor_9
 |- Actor Package: /Game/__ExternalActors__/MyStuff/Maps/TitleScreen/TitleScreen/F/4S/8HTQNI4IUC8HDRI91FF77U
 |- Actor Path: /Game/MyStuff/Maps/TitleScreen/TitleScreen.TitleScreen:PersistentLevel.StaticMeshActor_10
 |- Actor Package: /Game/__ExternalActors__/MyStuff/Maps/TitleScreen/TitleScreen/C/C2/VZN4UWF42L2URBQ8KFXKZF
 |- Actor Path: /Game/MyStuff/Maps/TitleScreen/TitleScreen.TitleScreen:PersistentLevel.StaticMeshActor_11
 |- Actor Package: /Game/__ExternalActors__/MyStuff/Maps/TitleScreen/TitleScreen/6/XD/169RYOJEG6EMRZRLGFE9CX
 |- Actor Path: /Game/MyStuff/Maps/TitleScreen/TitleScreen.TitleScreen:PersistentLevel.StaticMeshActor_12
 |- Actor Package: /Game/__ExternalActors__/MyStuff/Maps/TitleScreen/TitleScreen/7/KO/SDNYX5AHWP0Z64177HNKPX
 |- Actor Path: /Game/MyStuff/Maps/TitleScreen/TitleScreen.TitleScreen:PersistentLevel.StaticMeshActor_13
 |- Actor Package: /Game/__ExternalActors__/MyStuff/Maps/TitleScreen/TitleScreen/1/1L/8447RF87QY55NGZU0Q3HRE
 |- Actor Path: /Game/MyStuff/Maps/TitleScreen/TitleScreen.TitleScreen:PersistentLevel.StaticMeshActor_14
 |- Actor Package: /Game/__ExternalActors__/MyStuff/Maps/TitleScreen/TitleScreen/C/9O/EUF0O16ZQUWX1P47HVWRF0
 |- Actor Path: /Game/MyStuff/Maps/TitleScreen/TitleScreen.TitleScreen:PersistentLevel.StaticMeshActor_15
 |- Actor Package: /Game/__ExternalActors__/MyStuff/Maps/TitleScreen/TitleScreen/9/VP/LGK0THE5T572EWRZ8HIOPJ
 |- Actor Path: /Game/MyStuff/Maps/TitleScreen/TitleScreen.TitleScreen:PersistentLevel.StaticMeshActor_16
 |- Actor Package: /Game/__ExternalActors__/MyStuff/Maps/TitleScreen/TitleScreen/B/UI/6C70OT475N6P9IJT6WA91J
 |- Actor Path: /Game/MyStuff/Maps/TitleScreen/TitleScreen.TitleScreen:PersistentLevel.StaticMeshActor_18
 |- Actor Package: /Game/__ExternalActors__/MyStuff/Maps/TitleScreen/TitleScreen/8/AS/XE0AX3B5HNOAC69L4NMFGI
 |- Actor Path: /Game/MyStuff/Maps/TitleScreen/TitleScreen.TitleScreen:PersistentLevel.StaticMeshActor_19
 |- Actor Package: /Game/__ExternalActors__/MyStuff/Maps/TitleScreen/TitleScreen/6/P4/ZR46KC3EQ1GV4GEPGL2SL1
 |- Actor Path: /Game/MyStuff/Maps/TitleScreen/TitleScreen.TitleScreen:PersistentLevel.StaticMeshActor_20
 |- Actor Package: /Game/__ExternalActors__/MyStuff/Maps/TitleScreen/TitleScreen/2/UK/9G7IPDZ2J8OYT44OURWMQQ
 |- Actor Path: /Game/MyStuff/Maps/TitleScreen/TitleScreen.TitleScreen:PersistentLevel.StaticMeshActor_21
 |- Actor Package: /Game/__ExternalActors__/MyStuff/Maps/TitleScreen/TitleScreen/E/9F/BO2NG0CRM8UWQ9IGC7I1P0
 |- Actor Path: /Game/MyStuff/Maps/TitleScreen/TitleScreen.TitleScreen:PersistentLevel.StaticMeshActor_22
 |- Actor Package: /Game/__ExternalActors__/MyStuff/Maps/TitleScreen/TitleScreen/3/BO/V4NXPCI160TPCECT9Z5XC6
 |- Actor Path: /Game/MyStuff/Maps/TitleScreen/TitleScreen.TitleScreen:PersistentLevel.StaticMeshActor_23
 |- Actor Package: /Game/__ExternalActors__/MyStuff/Maps/TitleScreen/TitleScreen/B/IF/9DBW6J1O7X3MIBTNL1ZLTM
 |- Actor Path: /Game/MyStuff/Maps/TitleScreen/TitleScreen.TitleScreen:PersistentLevel.StaticMeshActor_24
 |- Actor Package: /Game/__ExternalActors__/MyStuff/Maps/TitleScreen/TitleScreen/B/WZ/2SJZJZT2Y0GHM1DBVU9D7Y
 |- Actor Path: /Game/MyStuff/Maps/TitleScreen/TitleScreen.TitleScreen:PersistentLevel.StaticMeshActor_25
 |- Actor Package: /Game/__ExternalActors__/MyStuff/Maps/TitleScreen/TitleScreen/1/42/VOBRVC22UCPXIBT4TIFZMT
 |- Actor Path: /Game/MyStuff/Maps/TitleScreen/TitleScreen.TitleScreen:PersistentLevel.StaticMeshActor_32
 |- Actor Package: /Game/__ExternalActors__/MyStuff/Maps/TitleScreen/TitleScreen/3/OY/MGBFESV5YF4T501XOH6NHX
 |- Actor Path: /Game/MyStuff/Maps/TitleScreen/TitleScreen.TitleScreen:PersistentLevel.StaticMeshActor_33
 |- Actor Package: /Game/__ExternalActors__/MyStuff/Maps/TitleScreen/TitleScreen/9/FV/QKAIXEG3IAYNQN5UVV7OTU
 |- Actor Path: /Game/MyStuff/Maps/TitleScreen/TitleScreen.TitleScreen:PersistentLevel.StaticMeshActor_34
 |- Actor Package: /Game/__ExternalActors__/MyStuff/Maps/TitleScreen/TitleScreen/B/1T/39NL8C3JRFCQBSFV7VUQM1
 |- Actor Path: /Game/MyStuff/Maps/TitleScreen/TitleScreen.TitleScreen:PersistentLevel.StaticMeshActor_35
 |- Actor Package: /Game/__ExternalActors__/MyStuff/Maps/TitleScreen/TitleScreen/3/8G/BGQWRJOF5WDCASS89W0JZE
 |- Actor Path: /Game/MyStuff/Maps/TitleScreen/TitleScreen.TitleScreen:PersistentLevel.StaticMeshActor_UAID_74563CB3103A74DA01_1804166783
 |- Actor Package: /Game/__ExternalActors__/MyStuff/Maps/TitleScreen/TitleScreen/6/7K/3GCK6WLB2J6SCOMKWPNISO
 |- Actor Path: /Game/MyStuff/Maps/TitleScreen/TitleScreen.TitleScreen:PersistentLevel.StaticMeshActor_UAID_74563CB3103A74DA01_1823160784
 |- Actor Package: /Game/__ExternalActors__/MyStuff/Maps/TitleScreen/TitleScreen/2/T3/A9NOTNHILCWT06JK0FB3KE
 |- Actor Path: /Game/MyStuff/Maps/TitleScreen/TitleScreen.TitleScreen:PersistentLevel.StaticMeshActor_UAID_A4AE111137DC5EFB00_1110535423
 |- Actor Package: /Game/__ExternalActors__/MyStuff/Maps/TitleScreen/TitleScreen/1/WB/XV30XSWGGFDNO5GLFKQEG7
 |- Actor Path: /Game/MyStuff/Maps/TitleScreen/TitleScreen.TitleScreen:PersistentLevel.TextRenderActor_1
 |- Actor Package: /Game/__ExternalActors__/MyStuff/Maps/TitleScreen/TitleScreen/C/44/9IA5M65EGTOCILT6OG24IZ
 |- Actor Path: /Game/MyStuff/Maps/TitleScreen/TitleScreen.TitleScreen:PersistentLevel.ThirdPersonMap1_C_1
 |- Actor Package: /Game/MyStuff/Maps/TitleScreen/TitleScreen
 |- Actor Path: /Game/MyStuff/Maps/TitleScreen/TitleScreen.TitleScreen:PersistentLevel.VolumetricCloud_0
 |- Actor Package: /Game/__ExternalActors__/MyStuff/Maps/TitleScreen/TitleScreen/9/75/F3GOVA8K1TJ0WS2ZCE2C2D
 |- Actor Path: /Game/MyStuff/Maps/TitleScreen/TitleScreen.TitleScreen:PersistentLevel.WorldDataLayers
 |- Actor Package: /Game/__ExternalActors__/MyStuff/Maps/TitleScreen/TitleScreen/E/GI/WAEZG60X8JB23VSQC8A4YF
 |- Actor Path: /Game/MyStuff/Maps/TitleScreen/TitleScreen.TitleScreen:PersistentLevel.WorldInfo_0
 |- Actor Package: /Game/MyStuff/Maps/TitleScreen/TitleScreen
 |- Actor Path: /Game/MyStuff/Maps/TitleScreen/TitleScreen.TitleScreen:PersistentLevel.WorldPartitionMiniMap_0
 |- Actor Package: /Game/__ExternalActors__/MyStuff/Maps/TitleScreen/TitleScreen/8/RF/1MDMBZ4ELFWECSSCI4TB1Y

----------------------------------------------------------------------------------------------------------------
TitleScreen - Runtime Spatial Hash - Streaming Grid - MainGrid
----------------------------------------------------------------------------------------------------------------
            Origin: X=0.000 Y=0.000 Z=0.000
         Cell Size: 12800
      World Bounds: IsValid=false, Min=(X=0.000 Y=0.000 Z=0.000), Max=(X=0.000 Y=0.000 Z=0.000)
     Loading Range: 25600.00
Block Slow Loading: No
 ClientOnlyVisible: No
            Origin: X=0.000 Y=0.000 Z=0.000

[+] Grid Levels: 1
 |- Level  0: Cell Count    0 | Cell Size   12800 | Actor Count    0 (0.0%)

[+] Content of Grid Level 0

